2025-01-26 14:09:20.267 [info] Extension host with pid 52548 started
2025-01-26 14:09:20.268 [info] Skipping acquiring lock for /var/www/html/ospos/~/.vscode-root/User/workspaceStorage/8d0bfcfccbe97afd7dc0762d1ef800e5.
2025-01-26 14:09:20.351 [info] ExtensionService#_doActivateExtension vscode.github-authentication, startup: false, activationEvent: 'onAuthenticationRequest:github'
2025-01-26 14:09:20.931 [info] ExtensionService#_doActivateExtension vscode.git-base, startup: true, activationEvent: '*'
2025-01-26 14:09:22.477 [info] ExtensionService#_doActivateExtension vscode.github, startup: true, activationEvent: '*'
2025-01-26 14:09:23.111 [info] Eager extensions activated
2025-01-26 14:09:23.534 [info] ExtensionService#_doActivateExtension vscode.debug-auto-launch, startup: false, activationEvent: 'onStartupFinished'
2025-01-26 14:09:23.554 [info] ExtensionService#_doActivateExtension vscode.merge-conflict, startup: false, activationEvent: 'onStartupFinished'
2025-01-26 14:09:26.916 [info] ExtensionService#_doActivateExtension vscode.git, startup: false, activationEvent: 'api', root cause: vscode.github
2025-01-26 14:10:14.195 [info] ExtensionService#_doActivateExtension vscode.emmet, startup: false, activationEvent: 'onLanguage'
2025-01-26 14:10:50.462 [info] ExtensionService#_doActivateExtension PKief.material-icon-theme, startup: false, activationEvent: 'onStartupFinished'
2025-01-26 14:11:07.040 [info] ExtensionService#_doActivateExtension vscode.configuration-editing, startup: false, activationEvent: 'onLanguage:jsonc'
2025-01-26 14:11:07.110 [info] ExtensionService#_doActivateExtension vscode.json-language-features, startup: false, activationEvent: 'onLanguage:jsonc'
2025-01-26 14:11:07.481 [info] ExtensionService#_doActivateExtension vscode.typescript-language-features, startup: false, activationEvent: 'onLanguage:jsonc'
2025-01-26 14:11:22.890 [info] ExtensionService#_doActivateExtension vscode.php-language-features, startup: false, activationEvent: 'onLanguage:php'
2025-01-26 14:12:15.278 [info] ExtensionService#_doActivateExtension vscode.html-language-features, startup: false, activationEvent: 'onLanguage:html'
2025-01-26 15:22:27.430 [info] ExtensionService#_doActivateExtension vscode.npm, startup: false, activationEvent: 'onTerminalQuickFixRequest:ms-vscode.npm-command'
2025-01-26 15:22:33.280 [info] ExtensionService#_doActivateExtension vscode.extension-editing, startup: false, activationEvent: 'onLanguage:json'
2025-01-26 15:30:34.496 [error] Error: Repository not initialized
	at O.run (/usr/share/code/resources/app/extensions/git/dist/main.js:2:1058920)
	at O.status (/usr/share/code/resources/app/extensions/git/dist/main.js:2:1040058)
	at O.o (/usr/share/code/resources/app/extensions/git/dist/main.js:2:906054)
	at O.updateWhenIdleAndWait (/usr/share/code/resources/app/extensions/git/dist/main.js:2:1066761)
2025-01-26 15:31:02.358 [warning] [Decorations] CAPPING events from decorations provider vscode.git 9465
2025-01-26 15:31:05.508 [warning] [Decorations] CAPPING events from decorations provider vscode.git 9465
2025-01-26 15:31:13.578 [warning] [Decorations] CAPPING events from decorations provider vscode.git 9465
2025-01-26 15:31:19.021 [warning] [Decorations] CAPPING events from decorations provider vscode.git 9465
2025-01-26 15:31:24.391 [warning] [Decorations] CAPPING events from decorations provider vscode.git 9465
2025-01-26 15:31:29.846 [warning] [Decorations] CAPPING events from decorations provider vscode.git 9465
2025-01-26 15:31:32.548 [warning] [Decorations] CAPPING events from decorations provider vscode.git 9465
2025-01-26 15:31:35.466 [warning] [Decorations] CAPPING events from decorations provider vscode.git 9465
2025-01-26 15:31:47.373 [warning] [Decorations] CAPPING events from decorations provider vscode.git 9466
2025-01-26 15:31:52.817 [warning] [Decorations] CAPPING events from decorations provider vscode.git 9466
