2025-01-27 17:24:00.136 [info] [main] Log level: Info
2025-01-27 17:24:00.136 [info] [main] Validating found git in: "git"
2025-01-27 17:24:00.136 [info] [main] Using git "2.45.2" from "git"
2025-01-27 17:24:00.136 [info] [Model][doInitialScan] Initial repository scan started
2025-01-27 17:24:00.137 [info] > git rev-parse --show-toplevel [127ms]
2025-01-27 17:24:00.137 [info] > git rev-parse --git-dir --git-common-dir [38ms]
2025-01-27 17:24:00.137 [info] [Model][openRepository] Opened repository: /var/www/html/ospos
2025-01-27 17:24:00.137 [info] > git rev-parse --show-toplevel [291ms]
2025-01-27 17:24:00.137 [info] > git config --get commit.template [316ms]
2025-01-27 17:24:00.137 [info] > git rev-parse --show-toplevel [38ms]
2025-01-27 17:24:00.140 [info] > git rev-parse --show-toplevel [5ms]
2025-01-27 17:24:00.163 [info] > git rev-parse --show-toplevel [3ms]
2025-01-27 17:24:00.191 [info] > git check-ignore -v -z --stdin [440ms]
2025-01-27 17:24:00.198 [info] > git rev-parse --show-toplevel [9ms]
2025-01-27 17:24:00.227 [info] > git rev-parse --show-toplevel [4ms]
2025-01-27 17:24:00.258 [info] > git rev-parse --show-toplevel [6ms]
2025-01-27 17:24:00.276 [info] [Model][doInitialScan] Initial repository scan completed - repositories (1), closed repositories (0), parent repositories (0), unsafe repositories (0)
2025-01-27 17:24:00.431 [info] > git check-ignore -v -z --stdin [77ms]
2025-01-27 17:24:00.450 [info] > git ls-files --stage -- /var/www/html/ospos/application/views/partial/footer.php [115ms]
2025-01-27 17:24:00.796 [info] > git for-each-ref --format=%(refname)%00%(upstream:short)%00%(objectname)%00%(upstream:track)%00%(upstream:remotename)%00%(upstream:remoteref) refs/heads/master refs/remotes/master [682ms]
2025-01-27 17:24:00.887 [info] > git show --textconv :application/views/partial/footer.php [584ms]
2025-01-27 17:24:00.892 [info] > git cat-file -s 681feb4ffdd0c667dcc25a59b01cb3c466c73c90 [423ms]
2025-01-27 17:24:00.956 [info] > git for-each-ref --sort -committerdate --format %(refname) %(objectname) %(*objectname) [68ms]
2025-01-27 17:24:01.489 [info] > git blame --root --incremental ed15ce5838323656ef5c837a1d5255a4fbb4053e -- /var/www/html/ospos/application/views/partial/footer.php [176ms]
2025-01-27 17:24:03.780 [info] > git status -z -uall [2929ms]
2025-01-27 17:24:04.118 [info] > git for-each-ref --format=%(refname)%00%(upstream:short)%00%(objectname)%00%(upstream:track)%00%(upstream:remotename)%00%(upstream:remoteref) refs/heads/master refs/remotes/master [180ms]
2025-01-27 17:24:04.161 [info] > git config --local branch.master.vscode-merge-base [16ms]
2025-01-27 17:24:04.161 [warning] [Git][config] git config failed: Failed to execute git
2025-01-27 17:24:04.191 [info] > git config --get commit.template [83ms]
2025-01-27 17:24:04.227 [info] > git for-each-ref --format=%(refname)%00%(upstream:short)%00%(objectname)%00%(upstream:track)%00%(upstream:remotename)%00%(upstream:remoteref) refs/heads/master refs/remotes/master [7ms]
2025-01-27 17:24:04.290 [info] > git reflog master --grep-reflog=branch: Created from *. [99ms]
2025-01-27 17:24:04.342 [info] > git for-each-ref --sort -committerdate --format %(refname) %(objectname) %(*objectname) [55ms]
2025-01-27 17:24:04.367 [info] > git symbolic-ref --short refs/remotes/origin/HEAD [27ms]
2025-01-27 17:24:04.367 [info] fatal: ref refs/remotes/origin/HEAD is not a symbolic ref
2025-01-27 17:24:04.367 [warning] [Repository][getDefaultBranch] Failed to get default branch details: Failed to execute git.
2025-01-27 17:24:04.427 [info] > git merge-base refs/heads/master refs/remotes/origin/master [15ms]
2025-01-27 17:24:04.470 [info] > git diff --name-status -z --diff-filter=ADMR ed15ce5838323656ef5c837a1d5255a4fbb4053e...refs/remotes/origin/master [10ms]
2025-01-27 17:24:04.475 [info] > git status -z -uall [229ms]
2025-01-27 17:24:09.142 [info] > git config --get commit.template [17ms]
2025-01-27 17:24:09.147 [info] > git for-each-ref --format=%(refname)%00%(upstream:short)%00%(objectname)%00%(upstream:track)%00%(upstream:remotename)%00%(upstream:remoteref) refs/heads/master refs/remotes/master [6ms]
2025-01-27 17:24:09.202 [info] > git for-each-ref --sort -committerdate --format %(refname) %(objectname) %(*objectname) [5ms]
2025-01-27 17:24:09.283 [info] > git status -z -uall [122ms]
2025-01-27 17:24:14.346 [info] > git config --get commit.template [19ms]
2025-01-27 17:24:14.349 [info] > git for-each-ref --format=%(refname)%00%(upstream:short)%00%(objectname)%00%(upstream:track)%00%(upstream:remotename)%00%(upstream:remoteref) refs/heads/master refs/remotes/master [5ms]
2025-01-27 17:24:14.396 [info] > git for-each-ref --sort -committerdate --format %(refname) %(objectname) %(*objectname) [5ms]
2025-01-27 17:24:14.493 [info] > git status -z -uall [130ms]
2025-01-27 17:24:19.980 [info] > git config --get commit.template [18ms]
2025-01-27 17:24:19.985 [info] > git for-each-ref --format=%(refname)%00%(upstream:short)%00%(objectname)%00%(upstream:track)%00%(upstream:remotename)%00%(upstream:remoteref) refs/heads/master refs/remotes/master [6ms]
2025-01-27 17:24:20.041 [info] > git for-each-ref --sort -committerdate --format %(refname) %(objectname) %(*objectname) [6ms]
2025-01-27 17:24:20.158 [info] > git status -z -uall [155ms]
2025-01-27 17:24:29.082 [info] > git config --get commit.template [19ms]
2025-01-27 17:24:29.086 [info] > git for-each-ref --format=%(refname)%00%(upstream:short)%00%(objectname)%00%(upstream:track)%00%(upstream:remotename)%00%(upstream:remoteref) refs/heads/master refs/remotes/master [6ms]
2025-01-27 17:24:29.137 [info] > git for-each-ref --sort -committerdate --format %(refname) %(objectname) %(*objectname) [5ms]
2025-01-27 17:24:29.230 [info] > git status -z -uall [126ms]
2025-01-27 17:24:36.850 [info] > git config --get commit.template [28ms]
2025-01-27 17:24:36.853 [info] > git for-each-ref --format=%(refname)%00%(upstream:short)%00%(objectname)%00%(upstream:track)%00%(upstream:remotename)%00%(upstream:remoteref) refs/heads/master refs/remotes/master [8ms]
2025-01-27 17:24:36.911 [info] > git for-each-ref --sort -committerdate --format %(refname) %(objectname) %(*objectname) [2ms]
2025-01-27 17:24:37.005 [info] > git status -z -uall [133ms]
2025-01-27 17:25:09.741 [info] > git config --get commit.template [30ms]
2025-01-27 17:25:09.744 [info] > git for-each-ref --format=%(refname)%00%(upstream:short)%00%(objectname)%00%(upstream:track)%00%(upstream:remotename)%00%(upstream:remoteref) refs/heads/master refs/remotes/master [6ms]
2025-01-27 17:25:09.831 [info] > git for-each-ref --sort -committerdate --format %(refname) %(objectname) %(*objectname) [8ms]
2025-01-27 17:25:09.930 [info] > git status -z -uall [162ms]
2025-01-27 17:29:24.163 [info] > git config --get commit.template [41ms]
2025-01-27 17:29:24.173 [info] > git for-each-ref --format=%(refname)%00%(upstream:short)%00%(objectname)%00%(upstream:track)%00%(upstream:remotename)%00%(upstream:remoteref) refs/heads/master refs/remotes/master [18ms]
2025-01-27 17:29:24.330 [info] > git for-each-ref --sort -committerdate --format %(refname) %(objectname) %(*objectname) [9ms]
2025-01-27 17:29:24.448 [info] > git status -z -uall [234ms]
2025-01-27 17:29:26.865 [info] > git check-ignore -v -z --stdin [22ms]
2025-01-27 17:29:28.593 [info] > git check-ignore -v -z --stdin [11ms]
2025-01-27 17:29:29.534 [info] > git config --get commit.template [31ms]
2025-01-27 17:29:29.535 [info] > git for-each-ref --format=%(refname)%00%(upstream:short)%00%(objectname)%00%(upstream:track)%00%(upstream:remotename)%00%(upstream:remoteref) refs/heads/master refs/remotes/master [9ms]
2025-01-27 17:29:29.604 [info] > git for-each-ref --sort -committerdate --format %(refname) %(objectname) %(*objectname) [11ms]
2025-01-27 17:29:29.702 [info] > git status -z -uall [146ms]
2025-01-27 17:29:31.271 [info] > git check-ignore -v -z --stdin [16ms]
2025-01-27 17:29:33.195 [info] > git check-ignore -v -z --stdin [13ms]
2025-01-27 17:29:34.533 [info] > git check-ignore -v -z --stdin [19ms]
2025-01-27 17:29:34.763 [info] > git config --get commit.template [18ms]
2025-01-27 17:29:34.767 [info] > git for-each-ref --format=%(refname)%00%(upstream:short)%00%(objectname)%00%(upstream:track)%00%(upstream:remotename)%00%(upstream:remoteref) refs/heads/master refs/remotes/master [6ms]
2025-01-27 17:29:34.823 [info] > git for-each-ref --sort -committerdate --format %(refname) %(objectname) %(*objectname) [7ms]
2025-01-27 17:29:34.914 [info] > git status -z -uall [128ms]
2025-01-27 17:29:41.413 [info] > git config --get commit.template [15ms]
2025-01-27 17:29:41.417 [info] > git for-each-ref --format=%(refname)%00%(upstream:short)%00%(objectname)%00%(upstream:track)%00%(upstream:remotename)%00%(upstream:remoteref) refs/heads/master refs/remotes/master [4ms]
2025-01-27 17:29:41.466 [info] > git for-each-ref --sort -committerdate --format %(refname) %(objectname) %(*objectname) [3ms]
2025-01-27 17:29:41.553 [info] > git status -z -uall [122ms]
2025-01-27 17:29:51.702 [info] > git config --get commit.template [19ms]
2025-01-27 17:29:51.706 [info] > git for-each-ref --format=%(refname)%00%(upstream:short)%00%(objectname)%00%(upstream:track)%00%(upstream:remotename)%00%(upstream:remoteref) refs/heads/master refs/remotes/master [7ms]
2025-01-27 17:29:51.752 [info] > git for-each-ref --sort -committerdate --format %(refname) %(objectname) %(*objectname) [7ms]
2025-01-27 17:29:51.848 [info] > git status -z -uall [125ms]
2025-01-27 17:30:11.257 [info] > git config --get commit.template [19ms]
2025-01-27 17:30:11.262 [info] > git for-each-ref --format=%(refname)%00%(upstream:short)%00%(objectname)%00%(upstream:track)%00%(upstream:remotename)%00%(upstream:remoteref) refs/heads/master refs/remotes/master [7ms]
2025-01-27 17:30:11.323 [info] > git for-each-ref --sort -committerdate --format %(refname) %(objectname) %(*objectname) [6ms]
2025-01-27 17:30:11.414 [info] > git status -z -uall [135ms]
2025-01-27 17:30:49.931 [info] > git config --get commit.template [36ms]
2025-01-27 17:30:49.936 [info] > git for-each-ref --format=%(refname)%00%(upstream:short)%00%(objectname)%00%(upstream:track)%00%(upstream:remotename)%00%(upstream:remoteref) refs/heads/master refs/remotes/master [12ms]
2025-01-27 17:30:50.066 [info] > git for-each-ref --sort -committerdate --format %(refname) %(objectname) %(*objectname) [8ms]
2025-01-27 17:30:50.158 [info] > git status -z -uall [183ms]
2025-01-27 17:30:52.854 [info] > git show --textconv :application/views/partial/footer.php [33ms]
2025-01-27 17:30:52.862 [info] > git ls-files --stage -- /var/www/html/ospos/application/views/partial/footer.php [19ms]
2025-01-27 17:30:52.896 [info] > git cat-file -s 681feb4ffdd0c667dcc25a59b01cb3c466c73c90 [8ms]
2025-01-27 17:30:55.239 [info] > git config --get commit.template [24ms]
2025-01-27 17:30:55.243 [info] > git for-each-ref --format=%(refname)%00%(upstream:short)%00%(objectname)%00%(upstream:track)%00%(upstream:remotename)%00%(upstream:remoteref) refs/heads/master refs/remotes/master [7ms]
2025-01-27 17:30:55.290 [info] > git for-each-ref --sort -committerdate --format %(refname) %(objectname) %(*objectname) [7ms]
2025-01-27 17:30:55.396 [info] > git status -z -uall [136ms]
2025-01-27 17:31:00.784 [info] > git check-ignore -v -z --stdin [27ms]
2025-01-27 17:31:04.665 [info] > git check-ignore -v -z --stdin [21ms]
2025-01-27 17:31:22.346 [info] > git config --get commit.template [7ms]
2025-01-27 17:31:22.390 [info] > git for-each-ref --format=%(refname)%00%(upstream:short)%00%(objectname)%00%(upstream:track)%00%(upstream:remotename)%00%(upstream:remoteref) refs/heads/master refs/remotes/master [8ms]
2025-01-27 17:31:22.483 [info] > git for-each-ref --sort -committerdate --format %(refname) %(objectname) %(*objectname) [13ms]
2025-01-27 17:31:22.602 [info] > git status -z -uall [176ms]
2025-01-27 17:31:26.548 [info] > git check-ignore -v -z --stdin [13ms]
2025-01-27 17:31:28.384 [info] > git config --get commit.template [25ms]
2025-01-27 17:31:28.389 [info] > git for-each-ref --format=%(refname)%00%(upstream:short)%00%(objectname)%00%(upstream:track)%00%(upstream:remotename)%00%(upstream:remoteref) refs/heads/master refs/remotes/master [8ms]
2025-01-27 17:31:28.463 [info] > git for-each-ref --sort -committerdate --format %(refname) %(objectname) %(*objectname) [12ms]
2025-01-27 17:31:28.568 [info] > git status -z -uall [159ms]
2025-01-27 17:32:49.261 [info] > git config --get commit.template [36ms]
2025-01-27 17:32:49.264 [info] > git for-each-ref --format=%(refname)%00%(upstream:short)%00%(objectname)%00%(upstream:track)%00%(upstream:remotename)%00%(upstream:remoteref) refs/heads/master refs/remotes/master [11ms]
2025-01-27 17:32:49.376 [info] > git for-each-ref --sort -committerdate --format %(refname) %(objectname) %(*objectname) [12ms]
2025-01-27 17:32:49.580 [info] > git status -z -uall [265ms]
2025-01-27 17:32:51.819 [info] > git check-ignore -v -z --stdin [23ms]
2025-01-27 17:32:52.922 [info] > git check-ignore -v -z --stdin [15ms]
2025-01-27 17:32:54.111 [info] > git check-ignore -v -z --stdin [14ms]
2025-01-27 17:32:54.635 [info] > git config --get commit.template [21ms]
2025-01-27 17:32:54.640 [info] > git for-each-ref --format=%(refname)%00%(upstream:short)%00%(objectname)%00%(upstream:track)%00%(upstream:remotename)%00%(upstream:remoteref) refs/heads/master refs/remotes/master [6ms]
2025-01-27 17:32:54.686 [info] > git for-each-ref --sort -committerdate --format %(refname) %(objectname) %(*objectname) [6ms]
2025-01-27 17:32:54.789 [info] > git status -z -uall [132ms]
2025-01-27 17:32:56.163 [info] > git check-ignore -v -z --stdin [27ms]
2025-01-27 17:32:59.872 [info] > git config --get commit.template [21ms]
2025-01-27 17:32:59.876 [info] > git for-each-ref --format=%(refname)%00%(upstream:short)%00%(objectname)%00%(upstream:track)%00%(upstream:remotename)%00%(upstream:remoteref) refs/heads/master refs/remotes/master [6ms]
2025-01-27 17:32:59.938 [info] > git for-each-ref --sort -committerdate --format %(refname) %(objectname) %(*objectname) [6ms]
2025-01-27 17:33:00.018 [info] > git status -z -uall [126ms]
2025-01-27 17:33:06.086 [info] > git config --get commit.template [20ms]
2025-01-27 17:33:06.090 [info] > git for-each-ref --format=%(refname)%00%(upstream:short)%00%(objectname)%00%(upstream:track)%00%(upstream:remotename)%00%(upstream:remoteref) refs/heads/master refs/remotes/master [6ms]
2025-01-27 17:33:06.153 [info] > git for-each-ref --sort -committerdate --format %(refname) %(objectname) %(*objectname) [6ms]
2025-01-27 17:33:06.227 [info] > git status -z -uall [121ms]
2025-01-27 17:33:09.440 [info] > git check-ignore -v -z --stdin [14ms]
2025-01-27 17:33:11.297 [info] > git config --get commit.template [19ms]
2025-01-27 17:33:11.302 [info] > git for-each-ref --format=%(refname)%00%(upstream:short)%00%(objectname)%00%(upstream:track)%00%(upstream:remotename)%00%(upstream:remoteref) refs/heads/master refs/remotes/master [7ms]
2025-01-27 17:33:11.361 [info] > git for-each-ref --sort -committerdate --format %(refname) %(objectname) %(*objectname) [9ms]
2025-01-27 17:33:11.443 [info] > git status -z -uall [124ms]
2025-01-27 17:33:16.508 [info] > git config --get commit.template [18ms]
2025-01-27 17:33:16.513 [info] > git for-each-ref --format=%(refname)%00%(upstream:short)%00%(objectname)%00%(upstream:track)%00%(upstream:remotename)%00%(upstream:remoteref) refs/heads/master refs/remotes/master [5ms]
2025-01-27 17:33:16.576 [info] > git for-each-ref --sort -committerdate --format %(refname) %(objectname) %(*objectname) [7ms]
2025-01-27 17:33:16.664 [info] > git status -z -uall [133ms]
2025-01-27 17:33:17.471 [info] > git check-ignore -v -z --stdin [15ms]
2025-01-27 17:33:21.728 [info] > git config --get commit.template [22ms]
2025-01-27 17:33:21.731 [info] > git for-each-ref --format=%(refname)%00%(upstream:short)%00%(objectname)%00%(upstream:track)%00%(upstream:remotename)%00%(upstream:remoteref) refs/heads/master refs/remotes/master [7ms]
2025-01-27 17:33:21.792 [info] > git for-each-ref --sort -committerdate --format %(refname) %(objectname) %(*objectname) [4ms]
2025-01-27 17:33:21.872 [info] > git status -z -uall [124ms]
2025-01-27 17:33:26.940 [info] > git config --get commit.template [19ms]
2025-01-27 17:33:26.945 [info] > git for-each-ref --format=%(refname)%00%(upstream:short)%00%(objectname)%00%(upstream:track)%00%(upstream:remotename)%00%(upstream:remoteref) refs/heads/master refs/remotes/master [7ms]
2025-01-27 17:33:26.994 [info] > git for-each-ref --sort -committerdate --format %(refname) %(objectname) %(*objectname) [9ms]
2025-01-27 17:33:27.084 [info] > git status -z -uall [123ms]
2025-01-27 17:33:39.163 [info] > git config --get commit.template [5ms]
2025-01-27 17:33:39.184 [info] > git for-each-ref --format=%(refname)%00%(upstream:short)%00%(objectname)%00%(upstream:track)%00%(upstream:remotename)%00%(upstream:remoteref) refs/heads/master refs/remotes/master [5ms]
2025-01-27 17:33:39.238 [info] > git for-each-ref --sort -committerdate --format %(refname) %(objectname) %(*objectname) [8ms]
2025-01-27 17:33:39.354 [info] > git status -z -uall [154ms]
2025-01-27 17:33:44.386 [info] > git show --textconv :application/views/partial/header_js.php [56ms]
2025-01-27 17:33:44.404 [info] > git ls-files --stage -- /var/www/html/ospos/application/views/partial/header_js.php [21ms]
2025-01-27 17:33:44.439 [info] > git cat-file -s ab9ba547a4bc807e431ef8bf2b3ffb20237ec87b [9ms]
2025-01-27 17:33:45.797 [info] > git config --get commit.template [19ms]
2025-01-27 17:33:45.801 [info] > git for-each-ref --format=%(refname)%00%(upstream:short)%00%(objectname)%00%(upstream:track)%00%(upstream:remotename)%00%(upstream:remoteref) refs/heads/master refs/remotes/master [6ms]
2025-01-27 17:33:45.857 [info] > git for-each-ref --sort -committerdate --format %(refname) %(objectname) %(*objectname) [6ms]
2025-01-27 17:33:45.940 [info] > git status -z -uall [124ms]
2025-01-27 17:34:02.102 [info] > git show --textconv :application/views/partial/header.php [51ms]
2025-01-27 17:34:02.129 [info] > git ls-files --stage -- /var/www/html/ospos/application/views/partial/header.php [29ms]
2025-01-27 17:34:02.167 [info] > git cat-file -s 05cb86957ebfb5ddae4da51778ea0128e9b01dd9 [9ms]
2025-01-27 17:34:08.667 [info] > git blame --root --incremental ed15ce5838323656ef5c837a1d5255a4fbb4053e -- /var/www/html/ospos/application/views/partial/header.php [8ms]
2025-01-27 17:34:11.849 [info] > git config --get commit.template [19ms]
2025-01-27 17:34:11.854 [info] > git for-each-ref --format=%(refname)%00%(upstream:short)%00%(objectname)%00%(upstream:track)%00%(upstream:remotename)%00%(upstream:remoteref) refs/heads/master refs/remotes/master [7ms]
2025-01-27 17:34:11.906 [info] > git for-each-ref --sort -committerdate --format %(refname) %(objectname) %(*objectname) [7ms]
2025-01-27 17:34:12.000 [info] > git status -z -uall [129ms]
2025-01-27 17:34:17.069 [info] > git config --get commit.template [19ms]
2025-01-27 17:34:17.074 [info] > git for-each-ref --format=%(refname)%00%(upstream:short)%00%(objectname)%00%(upstream:track)%00%(upstream:remotename)%00%(upstream:remoteref) refs/heads/master refs/remotes/master [7ms]
2025-01-27 17:34:17.136 [info] > git for-each-ref --sort -committerdate --format %(refname) %(objectname) %(*objectname) [7ms]
2025-01-27 17:34:17.231 [info] > git status -z -uall [142ms]
2025-01-27 17:34:22.315 [info] > git config --get commit.template [23ms]
2025-01-27 17:34:22.321 [info] > git for-each-ref --format=%(refname)%00%(upstream:short)%00%(objectname)%00%(upstream:track)%00%(upstream:remotename)%00%(upstream:remoteref) refs/heads/master refs/remotes/master [9ms]
2025-01-27 17:34:22.374 [info] > git for-each-ref --sort -committerdate --format %(refname) %(objectname) %(*objectname) [4ms]
2025-01-27 17:34:22.480 [info] > git status -z -uall [138ms]
2025-01-27 17:34:24.352 [info] > git show --textconv :application/language/en-US/common_lang.php [86ms]
2025-01-27 17:34:24.369 [info] > git ls-files --stage -- /var/www/html/ospos/application/language/en-US/common_lang.php [21ms]
2025-01-27 17:34:24.476 [info] > git cat-file -s 86167055c1f491dfd08278f923be35a0255dac4d [54ms]
2025-01-27 17:34:24.519 [info] > git check-ignore -v -z --stdin [58ms]
2025-01-27 17:34:24.735 [info] > git blame --root --incremental ed15ce5838323656ef5c837a1d5255a4fbb4053e -- /var/www/html/ospos/application/language/en-US/common_lang.php [11ms]
2025-01-27 17:34:28.080 [info] > git config --get commit.template [4ms]
2025-01-27 17:34:28.124 [info] > git for-each-ref --format=%(refname)%00%(upstream:short)%00%(objectname)%00%(upstream:track)%00%(upstream:remotename)%00%(upstream:remoteref) refs/heads/master refs/remotes/master [7ms]
2025-01-27 17:34:28.234 [info] > git for-each-ref --sort -committerdate --format %(refname) %(objectname) %(*objectname) [28ms]
2025-01-27 17:34:28.358 [info] > git status -z -uall [199ms]
2025-01-27 17:34:28.889 [info] > git show --textconv :application/views/partial/header.php [49ms]
2025-01-27 17:34:28.901 [info] > git ls-files --stage -- /var/www/html/ospos/application/views/partial/header.php [18ms]
2025-01-27 17:34:28.938 [info] > git cat-file -s 05cb86957ebfb5ddae4da51778ea0128e9b01dd9 [6ms]
2025-01-27 17:34:33.416 [info] > git config --get commit.template [16ms]
2025-01-27 17:34:33.419 [info] > git for-each-ref --format=%(refname)%00%(upstream:short)%00%(objectname)%00%(upstream:track)%00%(upstream:remotename)%00%(upstream:remoteref) refs/heads/master refs/remotes/master [5ms]
2025-01-27 17:34:33.464 [info] > git for-each-ref --sort -committerdate --format %(refname) %(objectname) %(*objectname) [3ms]
2025-01-27 17:34:33.576 [info] > git status -z -uall [142ms]
2025-01-27 17:34:40.277 [info] > git config --get commit.template [19ms]
2025-01-27 17:34:40.282 [info] > git for-each-ref --format=%(refname)%00%(upstream:short)%00%(objectname)%00%(upstream:track)%00%(upstream:remotename)%00%(upstream:remoteref) refs/heads/master refs/remotes/master [8ms]
2025-01-27 17:34:40.346 [info] > git for-each-ref --sort -committerdate --format %(refname) %(objectname) %(*objectname) [6ms]
2025-01-27 17:34:40.443 [info] > git status -z -uall [137ms]
2025-01-27 17:34:46.567 [info] > git config --get commit.template [25ms]
2025-01-27 17:34:46.571 [info] > git for-each-ref --format=%(refname)%00%(upstream:short)%00%(objectname)%00%(upstream:track)%00%(upstream:remotename)%00%(upstream:remoteref) refs/heads/master refs/remotes/master [7ms]
2025-01-27 17:34:46.624 [info] > git for-each-ref --sort -committerdate --format %(refname) %(objectname) %(*objectname) [13ms]
2025-01-27 17:34:46.733 [info] > git status -z -uall [145ms]
2025-01-27 17:34:51.800 [info] > git config --get commit.template [19ms]
2025-01-27 17:34:51.804 [info] > git for-each-ref --format=%(refname)%00%(upstream:short)%00%(objectname)%00%(upstream:track)%00%(upstream:remotename)%00%(upstream:remoteref) refs/heads/master refs/remotes/master [6ms]
2025-01-27 17:34:51.864 [info] > git for-each-ref --sort -committerdate --format %(refname) %(objectname) %(*objectname) [4ms]
2025-01-27 17:34:51.957 [info] > git status -z -uall [133ms]
2025-01-27 17:35:57.945 [info] > git config --get commit.template [56ms]
2025-01-27 17:35:57.955 [info] > git for-each-ref --format=%(refname)%00%(upstream:short)%00%(objectname)%00%(upstream:track)%00%(upstream:remotename)%00%(upstream:remoteref) refs/heads/master refs/remotes/master [13ms]
2025-01-27 17:35:58.089 [info] > git for-each-ref --sort -committerdate --format %(refname) %(objectname) %(*objectname) [19ms]
2025-01-27 17:35:58.288 [info] > git status -z -uall [292ms]
2025-01-27 17:36:03.373 [info] > git config --get commit.template [22ms]
2025-01-27 17:36:03.379 [info] > git for-each-ref --format=%(refname)%00%(upstream:short)%00%(objectname)%00%(upstream:track)%00%(upstream:remotename)%00%(upstream:remoteref) refs/heads/master refs/remotes/master [8ms]
2025-01-27 17:36:03.460 [info] > git for-each-ref --sort -committerdate --format %(refname) %(objectname) %(*objectname) [13ms]
2025-01-27 17:36:03.571 [info] > git status -z -uall [164ms]
2025-01-27 17:36:06.972 [info] > git check-ignore -v -z --stdin [17ms]
2025-01-27 17:36:09.508 [info] > git check-ignore -v -z --stdin [22ms]
2025-01-27 17:36:10.055 [info] > git check-ignore -v -z --stdin [16ms]
2025-01-27 17:36:21.437 [info] > git show --textconv :application/views/home/home.php [34ms]
2025-01-27 17:36:21.452 [info] > git ls-files --stage -- /var/www/html/ospos/application/views/home/home.php [16ms]
2025-01-27 17:36:21.486 [info] > git cat-file -s ce2ebeebfcb51eb367976edb85aada2cfabdc99c [3ms]
2025-01-27 17:36:22.797 [info] > git config --get commit.template [23ms]
2025-01-27 17:36:22.801 [info] > git for-each-ref --format=%(refname)%00%(upstream:short)%00%(objectname)%00%(upstream:track)%00%(upstream:remotename)%00%(upstream:remoteref) refs/heads/master refs/remotes/master [7ms]
2025-01-27 17:36:22.857 [info] > git for-each-ref --sort -committerdate --format %(refname) %(objectname) %(*objectname) [4ms]
2025-01-27 17:36:22.958 [info] > git status -z -uall [142ms]
2025-01-27 17:36:28.029 [info] > git config --get commit.template [19ms]
2025-01-27 17:36:28.034 [info] > git for-each-ref --format=%(refname)%00%(upstream:short)%00%(objectname)%00%(upstream:track)%00%(upstream:remotename)%00%(upstream:remoteref) refs/heads/master refs/remotes/master [6ms]
2025-01-27 17:36:28.092 [info] > git for-each-ref --sort -committerdate --format %(refname) %(objectname) %(*objectname) [5ms]
2025-01-27 17:36:28.187 [info] > git status -z -uall [133ms]
2025-01-27 17:36:40.692 [info] > git show --textconv :application/views/home/office.php [49ms]
2025-01-27 17:36:40.702 [info] > git ls-files --stage -- /var/www/html/ospos/application/views/home/office.php [16ms]
2025-01-27 17:36:40.733 [info] > git cat-file -s 9bacfbb66c48ffc5f89a2aca520c46b12fdabbab [7ms]
2025-01-27 17:36:55.462 [info] > git config --get commit.template [19ms]
2025-01-27 17:36:55.466 [info] > git for-each-ref --format=%(refname)%00%(upstream:short)%00%(objectname)%00%(upstream:track)%00%(upstream:remotename)%00%(upstream:remoteref) refs/heads/master refs/remotes/master [6ms]
2025-01-27 17:36:55.519 [info] > git for-each-ref --sort -committerdate --format %(refname) %(objectname) %(*objectname) [4ms]
2025-01-27 17:36:55.621 [info] > git status -z -uall [139ms]
2025-01-27 17:37:13.671 [info] > git show --textconv :application/views/partial/lang_lines.php [55ms]
2025-01-27 17:37:13.682 [info] > git ls-files --stage -- /var/www/html/ospos/application/views/partial/lang_lines.php [17ms]
2025-01-27 17:37:13.708 [info] > git cat-file -s 0ddfe380bfa3e07fdd98406c331e71dfdaa27606 [2ms]
2025-01-27 17:37:14.690 [info] > git show --textconv :application/views/partial/header.php [23ms]
2025-01-27 17:37:14.698 [info] > git ls-files --stage -- /var/www/html/ospos/application/views/partial/header.php [10ms]
2025-01-27 17:37:14.715 [info] > git cat-file -s 05cb86957ebfb5ddae4da51778ea0128e9b01dd9 [4ms]
2025-01-27 17:37:16.087 [info] > git config --get commit.template [30ms]
2025-01-27 17:37:16.092 [info] > git for-each-ref --format=%(refname)%00%(upstream:short)%00%(objectname)%00%(upstream:track)%00%(upstream:remotename)%00%(upstream:remoteref) refs/heads/master refs/remotes/master [7ms]
2025-01-27 17:37:16.176 [info] > git for-each-ref --sort -committerdate --format %(refname) %(objectname) %(*objectname) [22ms]
2025-01-27 17:37:16.334 [info] > git status -z -uall [216ms]
2025-01-27 17:37:26.431 [info] > git config --get commit.template [21ms]
2025-01-27 17:37:26.438 [info] > git for-each-ref --format=%(refname)%00%(upstream:short)%00%(objectname)%00%(upstream:track)%00%(upstream:remotename)%00%(upstream:remoteref) refs/heads/master refs/remotes/master [8ms]
2025-01-27 17:37:26.491 [info] > git for-each-ref --sort -committerdate --format %(refname) %(objectname) %(*objectname) [8ms]
2025-01-27 17:37:26.591 [info] > git status -z -uall [134ms]
2025-01-27 17:38:26.528 [info] > git config --get commit.template [17ms]
2025-01-27 17:38:26.532 [info] > git for-each-ref --format=%(refname)%00%(upstream:short)%00%(objectname)%00%(upstream:track)%00%(upstream:remotename)%00%(upstream:remoteref) refs/heads/master refs/remotes/master [6ms]
2025-01-27 17:38:26.594 [info] > git for-each-ref --sort -committerdate --format %(refname) %(objectname) %(*objectname) [10ms]
2025-01-27 17:38:26.691 [info] > git status -z -uall [139ms]
2025-01-27 17:38:39.453 [info] > git config --get commit.template [23ms]
2025-01-27 17:38:39.457 [info] > git for-each-ref --format=%(refname)%00%(upstream:short)%00%(objectname)%00%(upstream:track)%00%(upstream:remotename)%00%(upstream:remoteref) refs/heads/master refs/remotes/master [7ms]
2025-01-27 17:38:39.532 [info] > git for-each-ref --sort -committerdate --format %(refname) %(objectname) %(*objectname) [7ms]
2025-01-27 17:38:39.704 [info] > git status -z -uall [220ms]
2025-01-27 17:39:12.612 [info] > git config --get commit.template [25ms]
2025-01-27 17:39:12.614 [info] > git for-each-ref --format=%(refname)%00%(upstream:short)%00%(objectname)%00%(upstream:track)%00%(upstream:remotename)%00%(upstream:remoteref) refs/heads/master refs/remotes/master [7ms]
2025-01-27 17:39:12.680 [info] > git for-each-ref --sort -committerdate --format %(refname) %(objectname) %(*objectname) [6ms]
2025-01-27 17:39:12.811 [info] > git status -z -uall [181ms]
2025-01-27 17:46:16.187 [info] > git config --get commit.template [39ms]
2025-01-27 17:46:16.196 [info] > git for-each-ref --format=%(refname)%00%(upstream:short)%00%(objectname)%00%(upstream:track)%00%(upstream:remotename)%00%(upstream:remoteref) refs/heads/master refs/remotes/master [12ms]
2025-01-27 17:46:16.265 [info] > git for-each-ref --sort -committerdate --format %(refname) %(objectname) %(*objectname) [6ms]
2025-01-27 17:46:16.466 [info] > git status -z -uall [235ms]
2025-01-27 17:46:21.532 [info] > git config --get commit.template [16ms]
2025-01-27 17:46:21.536 [info] > git for-each-ref --format=%(refname)%00%(upstream:short)%00%(objectname)%00%(upstream:track)%00%(upstream:remotename)%00%(upstream:remoteref) refs/heads/master refs/remotes/master [5ms]
2025-01-27 17:46:21.593 [info] > git for-each-ref --sort -committerdate --format %(refname) %(objectname) %(*objectname) [6ms]
2025-01-27 17:46:21.685 [info] > git status -z -uall [135ms]
2025-01-27 17:46:26.753 [info] > git config --get commit.template [19ms]
2025-01-27 17:46:26.758 [info] > git for-each-ref --format=%(refname)%00%(upstream:short)%00%(objectname)%00%(upstream:track)%00%(upstream:remotename)%00%(upstream:remoteref) refs/heads/master refs/remotes/master [8ms]
2025-01-27 17:46:26.816 [info] > git for-each-ref --sort -committerdate --format %(refname) %(objectname) %(*objectname) [5ms]
2025-01-27 17:46:26.909 [info] > git status -z -uall [133ms]
2025-01-27 17:46:38.128 [info] > git config --get commit.template [20ms]
2025-01-27 17:46:38.133 [info] > git for-each-ref --format=%(refname)%00%(upstream:short)%00%(objectname)%00%(upstream:track)%00%(upstream:remotename)%00%(upstream:remoteref) refs/heads/master refs/remotes/master [7ms]
2025-01-27 17:46:38.192 [info] > git for-each-ref --sort -committerdate --format %(refname) %(objectname) %(*objectname) [5ms]
2025-01-27 17:46:38.287 [info] > git status -z -uall [139ms]
2025-01-27 17:53:23.032 [info] > git config --get commit.template [74ms]
2025-01-27 17:53:23.039 [info] > git for-each-ref --format=%(refname)%00%(upstream:short)%00%(objectname)%00%(upstream:track)%00%(upstream:remotename)%00%(upstream:remoteref) refs/heads/master refs/remotes/master [11ms]
2025-01-27 17:53:23.130 [info] > git for-each-ref --sort -committerdate --format %(refname) %(objectname) %(*objectname) [18ms]
2025-01-27 17:53:23.362 [info] > git status -z -uall [289ms]
2025-01-27 17:53:28.444 [info] > git config --get commit.template [18ms]
2025-01-27 17:53:28.448 [info] > git for-each-ref --format=%(refname)%00%(upstream:short)%00%(objectname)%00%(upstream:track)%00%(upstream:remotename)%00%(upstream:remoteref) refs/heads/master refs/remotes/master [6ms]
2025-01-27 17:53:28.508 [info] > git for-each-ref --sort -committerdate --format %(refname) %(objectname) %(*objectname) [5ms]
2025-01-27 17:53:28.615 [info] > git status -z -uall [151ms]
2025-01-27 17:53:40.252 [info] > git config --get commit.template [18ms]
2025-01-27 17:53:40.256 [info] > git for-each-ref --format=%(refname)%00%(upstream:short)%00%(objectname)%00%(upstream:track)%00%(upstream:remotename)%00%(upstream:remoteref) refs/heads/master refs/remotes/master [6ms]
2025-01-27 17:53:40.312 [info] > git for-each-ref --sort -committerdate --format %(refname) %(objectname) %(*objectname) [7ms]
2025-01-27 17:53:40.406 [info] > git status -z -uall [135ms]
2025-01-27 17:54:45.375 [info] > git config --get commit.template [32ms]
2025-01-27 17:54:45.381 [info] > git for-each-ref --format=%(refname)%00%(upstream:short)%00%(objectname)%00%(upstream:track)%00%(upstream:remotename)%00%(upstream:remoteref) refs/heads/master refs/remotes/master [9ms]
2025-01-27 17:54:45.501 [info] > git for-each-ref --sort -committerdate --format %(refname) %(objectname) %(*objectname) [8ms]
2025-01-27 17:54:45.699 [info] > git status -z -uall [283ms]
2025-01-27 17:54:50.776 [info] > git config --get commit.template [29ms]
2025-01-27 17:54:50.778 [info] > git for-each-ref --format=%(refname)%00%(upstream:short)%00%(objectname)%00%(upstream:track)%00%(upstream:remotename)%00%(upstream:remoteref) refs/heads/master refs/remotes/master [8ms]
2025-01-27 17:54:50.848 [info] > git for-each-ref --sort -committerdate --format %(refname) %(objectname) %(*objectname) [12ms]
2025-01-27 17:54:51.004 [info] > git status -z -uall [203ms]
2025-01-27 17:54:59.863 [info] > git config --get commit.template [27ms]
2025-01-27 17:54:59.865 [info] > git for-each-ref --format=%(refname)%00%(upstream:short)%00%(objectname)%00%(upstream:track)%00%(upstream:remotename)%00%(upstream:remoteref) refs/heads/master refs/remotes/master [8ms]
2025-01-27 17:54:59.913 [info] > git for-each-ref --sort -committerdate --format %(refname) %(objectname) %(*objectname) [9ms]
2025-01-27 17:55:00.018 [info] > git status -z -uall [140ms]
2025-01-27 17:55:26.689 [info] > git config --get commit.template [24ms]
2025-01-27 17:55:26.693 [info] > git for-each-ref --format=%(refname)%00%(upstream:short)%00%(objectname)%00%(upstream:track)%00%(upstream:remotename)%00%(upstream:remoteref) refs/heads/master refs/remotes/master [7ms]
2025-01-27 17:55:26.755 [info] > git for-each-ref --sort -committerdate --format %(refname) %(objectname) %(*objectname) [15ms]
2025-01-27 17:55:26.865 [info] > git status -z -uall [155ms]
2025-01-27 17:55:28.561 [info] > git check-ignore -v -z --stdin [19ms]
2025-01-27 17:55:32.607 [info] > git check-ignore -v -z --stdin [35ms]
2025-01-27 17:55:33.986 [info] > git check-ignore -v -z --stdin [15ms]
2025-01-27 17:55:36.526 [info] > git config --get commit.template [19ms]
2025-01-27 17:55:36.531 [info] > git for-each-ref --format=%(refname)%00%(upstream:short)%00%(objectname)%00%(upstream:track)%00%(upstream:remotename)%00%(upstream:remoteref) refs/heads/master refs/remotes/master [6ms]
2025-01-27 17:55:36.589 [info] > git for-each-ref --sort -committerdate --format %(refname) %(objectname) %(*objectname) [4ms]
2025-01-27 17:55:36.662 [info] > git check-ignore -v -z --stdin [13ms]
2025-01-27 17:55:36.703 [info] > git status -z -uall [156ms]
2025-01-27 17:55:41.783 [info] > git config --get commit.template [24ms]
2025-01-27 17:55:41.788 [info] > git for-each-ref --format=%(refname)%00%(upstream:short)%00%(objectname)%00%(upstream:track)%00%(upstream:remotename)%00%(upstream:remoteref) refs/heads/master refs/remotes/master [7ms]
2025-01-27 17:55:41.839 [info] > git for-each-ref --sort -committerdate --format %(refname) %(objectname) %(*objectname) [9ms]
2025-01-27 17:55:41.967 [info] > git status -z -uall [160ms]
2025-01-27 17:55:47.025 [info] > git config --get commit.template [17ms]
2025-01-27 17:55:47.029 [info] > git for-each-ref --format=%(refname)%00%(upstream:short)%00%(objectname)%00%(upstream:track)%00%(upstream:remotename)%00%(upstream:remoteref) refs/heads/master refs/remotes/master [6ms]
2025-01-27 17:55:47.079 [info] > git for-each-ref --sort -committerdate --format %(refname) %(objectname) %(*objectname) [8ms]
2025-01-27 17:55:47.178 [info] > git status -z -uall [135ms]
2025-01-27 17:56:11.577 [info] > git config --get commit.template [26ms]
2025-01-27 17:56:11.581 [info] > git for-each-ref --format=%(refname)%00%(upstream:short)%00%(objectname)%00%(upstream:track)%00%(upstream:remotename)%00%(upstream:remoteref) refs/heads/master refs/remotes/master [6ms]
2025-01-27 17:56:11.638 [info] > git for-each-ref --sort -committerdate --format %(refname) %(objectname) %(*objectname) [6ms]
2025-01-27 17:56:11.746 [info] > git status -z -uall [148ms]
2025-01-27 17:56:26.652 [info] > git config --get commit.template [19ms]
2025-01-27 17:56:26.657 [info] > git for-each-ref --format=%(refname)%00%(upstream:short)%00%(objectname)%00%(upstream:track)%00%(upstream:remotename)%00%(upstream:remoteref) refs/heads/master refs/remotes/master [7ms]
2025-01-27 17:56:26.704 [info] > git for-each-ref --sort -committerdate --format %(refname) %(objectname) %(*objectname) [7ms]
2025-01-27 17:56:26.811 [info] > git status -z -uall [139ms]
2025-01-27 17:56:31.875 [info] > git config --get commit.template [18ms]
2025-01-27 17:56:31.880 [info] > git for-each-ref --format=%(refname)%00%(upstream:short)%00%(objectname)%00%(upstream:track)%00%(upstream:remotename)%00%(upstream:remoteref) refs/heads/master refs/remotes/master [7ms]
2025-01-27 17:56:31.934 [info] > git for-each-ref --sort -committerdate --format %(refname) %(objectname) %(*objectname) [6ms]
2025-01-27 17:56:32.029 [info] > git status -z -uall [133ms]
2025-01-27 17:57:57.155 [info] > git config --get commit.template [49ms]
2025-01-27 17:57:57.163 [info] > git for-each-ref --format=%(refname)%00%(upstream:short)%00%(objectname)%00%(upstream:track)%00%(upstream:remotename)%00%(upstream:remoteref) refs/heads/master refs/remotes/master [14ms]
2025-01-27 17:57:57.322 [info] > git for-each-ref --sort -committerdate --format %(refname) %(objectname) %(*objectname) [25ms]
2025-01-27 17:57:57.500 [info] > git status -z -uall [281ms]
2025-01-27 17:58:14.869 [info] > git config --get commit.template [19ms]
2025-01-27 17:58:14.873 [info] > git for-each-ref --format=%(refname)%00%(upstream:short)%00%(objectname)%00%(upstream:track)%00%(upstream:remotename)%00%(upstream:remoteref) refs/heads/master refs/remotes/master [6ms]
2025-01-27 17:58:14.925 [info] > git for-each-ref --sort -committerdate --format %(refname) %(objectname) %(*objectname) [6ms]
2025-01-27 17:58:15.024 [info] > git status -z -uall [136ms]
2025-01-27 17:58:20.089 [info] > git config --get commit.template [19ms]
2025-01-27 17:58:20.094 [info] > git for-each-ref --format=%(refname)%00%(upstream:short)%00%(objectname)%00%(upstream:track)%00%(upstream:remotename)%00%(upstream:remoteref) refs/heads/master refs/remotes/master [7ms]
2025-01-27 17:58:20.140 [info] > git for-each-ref --sort -committerdate --format %(refname) %(objectname) %(*objectname) [9ms]
2025-01-27 17:58:20.251 [info] > git status -z -uall [142ms]
2025-01-27 17:58:26.690 [info] > git config --get commit.template [17ms]
2025-01-27 17:58:26.695 [info] > git for-each-ref --format=%(refname)%00%(upstream:short)%00%(objectname)%00%(upstream:track)%00%(upstream:remotename)%00%(upstream:remoteref) refs/heads/master refs/remotes/master [6ms]
2025-01-27 17:58:26.752 [info] > git for-each-ref --sort -committerdate --format %(refname) %(objectname) %(*objectname) [6ms]
2025-01-27 17:58:26.849 [info] > git status -z -uall [138ms]
2025-01-27 18:00:00.461 [info] > git config --get commit.template [34ms]
2025-01-27 18:00:00.465 [info] > git for-each-ref --format=%(refname)%00%(upstream:short)%00%(objectname)%00%(upstream:track)%00%(upstream:remotename)%00%(upstream:remoteref) refs/heads/master refs/remotes/master [8ms]
2025-01-27 18:00:00.533 [info] > git for-each-ref --sort -committerdate --format %(refname) %(objectname) %(*objectname) [10ms]
2025-01-27 18:00:00.664 [info] > git status -z -uall [182ms]
2025-01-27 18:00:05.738 [info] > git config --get commit.template [20ms]
2025-01-27 18:00:05.741 [info] > git for-each-ref --format=%(refname)%00%(upstream:short)%00%(objectname)%00%(upstream:track)%00%(upstream:remotename)%00%(upstream:remoteref) refs/heads/master refs/remotes/master [8ms]
2025-01-27 18:00:05.795 [info] > git for-each-ref --sort -committerdate --format %(refname) %(objectname) %(*objectname) [7ms]
2025-01-27 18:00:05.911 [info] > git status -z -uall [153ms]
2025-01-27 18:00:11.389 [info] > git show --textconv :application/views/partial/header.php [54ms]
2025-01-27 18:00:11.402 [info] > git ls-files --stage -- /var/www/html/ospos/application/views/partial/header.php [18ms]
2025-01-27 18:00:11.446 [info] > git cat-file -s 05cb86957ebfb5ddae4da51778ea0128e9b01dd9 [10ms]
2025-01-27 18:00:13.314 [info] > git for-each-ref --format=%(refname)%00%(upstream:short)%00%(objectname)%00%(upstream:track)%00%(upstream:remotename)%00%(upstream:remoteref) refs/heads/master refs/remotes/master [7ms]
2025-01-27 18:00:13.324 [info] > git config --get commit.template [62ms]
2025-01-27 18:00:13.427 [info] > git for-each-ref --sort -committerdate --format %(refname) %(objectname) %(*objectname) [21ms]
2025-01-27 18:00:13.626 [info] > git status -z -uall [266ms]
2025-01-27 18:00:34.926 [info] > git check-ignore -v -z --stdin [28ms]
2025-01-27 18:00:39.210 [info] > git config --get commit.template [29ms]
2025-01-27 18:00:39.214 [info] > git for-each-ref --format=%(refname)%00%(upstream:short)%00%(objectname)%00%(upstream:track)%00%(upstream:remotename)%00%(upstream:remoteref) refs/heads/master refs/remotes/master [12ms]
2025-01-27 18:00:39.330 [info] > git for-each-ref --sort -committerdate --format %(refname) %(objectname) %(*objectname) [38ms]
2025-01-27 18:00:39.481 [info] > git status -z -uall [229ms]
2025-01-27 18:00:44.557 [info] > git config --get commit.template [18ms]
2025-01-27 18:00:44.562 [info] > git for-each-ref --format=%(refname)%00%(upstream:short)%00%(objectname)%00%(upstream:track)%00%(upstream:remotename)%00%(upstream:remoteref) refs/heads/master refs/remotes/master [8ms]
2025-01-27 18:00:44.623 [info] > git for-each-ref --sort -committerdate --format %(refname) %(objectname) %(*objectname) [4ms]
2025-01-27 18:00:44.722 [info] > git status -z -uall [140ms]
2025-01-27 18:01:19.013 [info] > git config --get commit.template [40ms]
2025-01-27 18:01:19.025 [info] > git for-each-ref --format=%(refname)%00%(upstream:short)%00%(objectname)%00%(upstream:track)%00%(upstream:remotename)%00%(upstream:remoteref) refs/heads/master refs/remotes/master [17ms]
2025-01-27 18:01:19.141 [info] > git for-each-ref --sort -committerdate --format %(refname) %(objectname) %(*objectname) [17ms]
2025-01-27 18:01:19.303 [info] > git status -z -uall [249ms]
2025-01-27 18:01:21.278 [info] > git show --textconv :application/views/partial/header.php [43ms]
2025-01-27 18:01:21.295 [info] > git ls-files --stage -- /var/www/html/ospos/application/views/partial/header.php [27ms]
2025-01-27 18:01:21.340 [info] > git cat-file -s 05cb86957ebfb5ddae4da51778ea0128e9b01dd9 [10ms]
2025-01-27 18:01:24.380 [info] > git config --get commit.template [19ms]
2025-01-27 18:01:24.385 [info] > git for-each-ref --format=%(refname)%00%(upstream:short)%00%(objectname)%00%(upstream:track)%00%(upstream:remotename)%00%(upstream:remoteref) refs/heads/master refs/remotes/master [6ms]
2025-01-27 18:01:24.436 [info] > git for-each-ref --sort -committerdate --format %(refname) %(objectname) %(*objectname) [9ms]
2025-01-27 18:01:24.548 [info] > git status -z -uall [150ms]
2025-01-27 18:01:29.592 [info] > git config --get commit.template [18ms]
2025-01-27 18:01:29.597 [info] > git for-each-ref --format=%(refname)%00%(upstream:short)%00%(objectname)%00%(upstream:track)%00%(upstream:remotename)%00%(upstream:remoteref) refs/heads/master refs/remotes/master [7ms]
2025-01-27 18:01:29.646 [info] > git for-each-ref --sort -committerdate --format %(refname) %(objectname) %(*objectname) [4ms]
2025-01-27 18:01:29.756 [info] > git status -z -uall [144ms]
2025-01-27 18:01:34.830 [info] > git config --get commit.template [18ms]
2025-01-27 18:01:34.834 [info] > git for-each-ref --format=%(refname)%00%(upstream:short)%00%(objectname)%00%(upstream:track)%00%(upstream:remotename)%00%(upstream:remoteref) refs/heads/master refs/remotes/master [7ms]
2025-01-27 18:01:34.902 [info] > git for-each-ref --sort -committerdate --format %(refname) %(objectname) %(*objectname) [10ms]
2025-01-27 18:01:35.041 [info] > git status -z -uall [185ms]
2025-01-27 18:01:40.111 [info] > git config --get commit.template [17ms]
2025-01-27 18:01:40.115 [info] > git for-each-ref --format=%(refname)%00%(upstream:short)%00%(objectname)%00%(upstream:track)%00%(upstream:remotename)%00%(upstream:remoteref) refs/heads/master refs/remotes/master [6ms]
2025-01-27 18:01:40.167 [info] > git for-each-ref --sort -committerdate --format %(refname) %(objectname) %(*objectname) [8ms]
2025-01-27 18:01:40.270 [info] > git status -z -uall [140ms]
2025-01-27 18:01:45.341 [info] > git config --get commit.template [19ms]
2025-01-27 18:01:45.346 [info] > git for-each-ref --format=%(refname)%00%(upstream:short)%00%(objectname)%00%(upstream:track)%00%(upstream:remotename)%00%(upstream:remoteref) refs/heads/master refs/remotes/master [7ms]
2025-01-27 18:01:45.403 [info] > git for-each-ref --sort -committerdate --format %(refname) %(objectname) %(*objectname) [7ms]
2025-01-27 18:01:45.503 [info] > git status -z -uall [143ms]
2025-01-27 18:02:06.137 [info] > git show --textconv :application/views/partial/header.php [53ms]
2025-01-27 18:02:06.150 [info] > git ls-files --stage -- /var/www/html/ospos/application/views/partial/header.php [15ms]
2025-01-27 18:02:06.190 [info] > git cat-file -s 05cb86957ebfb5ddae4da51778ea0128e9b01dd9 [3ms]
2025-01-27 18:02:07.658 [info] > git config --get commit.template [3ms]
2025-01-27 18:02:07.694 [info] > git for-each-ref --format=%(refname)%00%(upstream:short)%00%(objectname)%00%(upstream:track)%00%(upstream:remotename)%00%(upstream:remoteref) refs/heads/master refs/remotes/master [9ms]
2025-01-27 18:02:07.791 [info] > git for-each-ref --sort -committerdate --format %(refname) %(objectname) %(*objectname) [10ms]
2025-01-27 18:02:07.958 [info] > git status -z -uall [234ms]
2025-01-27 18:04:21.293 [info] > git config --get commit.template [38ms]
2025-01-27 18:04:21.299 [info] > git for-each-ref --format=%(refname)%00%(upstream:short)%00%(objectname)%00%(upstream:track)%00%(upstream:remotename)%00%(upstream:remoteref) refs/heads/master refs/remotes/master [7ms]
2025-01-27 18:04:21.423 [info] > git for-each-ref --sort -committerdate --format %(refname) %(objectname) %(*objectname) [22ms]
2025-01-27 18:04:21.637 [info] > git status -z -uall [302ms]
2025-01-27 18:39:17.706 [info] > git config --get commit.template [71ms]
2025-01-27 18:39:17.916 [info] > git for-each-ref --format=%(refname)%00%(upstream:short)%00%(objectname)%00%(upstream:track)%00%(upstream:remotename)%00%(upstream:remoteref) refs/heads/master refs/remotes/master [133ms]
2025-01-27 18:39:18.009 [info] > git for-each-ref --sort -committerdate --format %(refname) %(objectname) %(*objectname) [26ms]
2025-01-27 18:39:18.665 [info] > git status -z -uall [727ms]
2025-01-27 18:43:50.585 [info] > git config --get commit.template [5ms]
2025-01-27 18:43:50.625 [info] > git for-each-ref --format=%(refname)%00%(upstream:short)%00%(objectname)%00%(upstream:track)%00%(upstream:remotename)%00%(upstream:remoteref) refs/heads/master refs/remotes/master [11ms]
2025-01-27 18:43:50.733 [info] > git for-each-ref --sort -committerdate --format %(refname) %(objectname) %(*objectname) [10ms]
2025-01-27 18:43:51.006 [info] > git status -z -uall [344ms]
2025-01-27 18:43:53.369 [info] > git check-ignore -v -z --stdin [23ms]
2025-01-27 18:43:56.081 [info] > git config --get commit.template [18ms]
2025-01-27 18:43:56.086 [info] > git for-each-ref --format=%(refname)%00%(upstream:short)%00%(objectname)%00%(upstream:track)%00%(upstream:remotename)%00%(upstream:remoteref) refs/heads/master refs/remotes/master [7ms]
2025-01-27 18:43:56.152 [info] > git for-each-ref --sort -committerdate --format %(refname) %(objectname) %(*objectname) [11ms]
2025-01-27 18:43:56.277 [info] > git status -z -uall [171ms]
2025-01-27 18:44:01.389 [info] > git config --get commit.template [50ms]
2025-01-27 18:44:01.405 [info] > git for-each-ref --format=%(refname)%00%(upstream:short)%00%(objectname)%00%(upstream:track)%00%(upstream:remotename)%00%(upstream:remoteref) refs/heads/master refs/remotes/master [23ms]
2025-01-27 18:44:01.549 [info] > git for-each-ref --sort -committerdate --format %(refname) %(objectname) %(*objectname) [18ms]
2025-01-27 18:44:01.801 [info] > git status -z -uall [357ms]
2025-01-27 18:44:04.285 [info] > git check-ignore -v -z --stdin [13ms]
2025-01-27 18:44:05.069 [info] > git check-ignore -v -z --stdin [18ms]
2025-01-27 18:44:06.878 [info] > git config --get commit.template [23ms]
2025-01-27 18:44:06.883 [info] > git for-each-ref --format=%(refname)%00%(upstream:short)%00%(objectname)%00%(upstream:track)%00%(upstream:remotename)%00%(upstream:remoteref) refs/heads/master refs/remotes/master [7ms]
2025-01-27 18:44:06.933 [info] > git for-each-ref --sort -committerdate --format %(refname) %(objectname) %(*objectname) [11ms]
2025-01-27 18:44:07.066 [info] > git status -z -uall [168ms]
2025-01-27 18:44:07.545 [info] > git check-ignore -v -z --stdin [17ms]
2025-01-27 18:44:11.513 [info] > git show --textconv :application/views/sales/receipt_email.php [37ms]
2025-01-27 18:44:11.525 [info] > git ls-files --stage -- /var/www/html/ospos/application/views/sales/receipt_email.php [14ms]
2025-01-27 18:44:11.580 [info] > git cat-file -s 0a905e4a16e781b9c754cadc74a90eeb3f25ac05 [33ms]
2025-01-27 18:44:12.905 [info] > git config --get commit.template [19ms]
2025-01-27 18:44:12.909 [info] > git for-each-ref --format=%(refname)%00%(upstream:short)%00%(objectname)%00%(upstream:track)%00%(upstream:remotename)%00%(upstream:remoteref) refs/heads/master refs/remotes/master [6ms]
2025-01-27 18:44:12.959 [info] > git for-each-ref --sort -committerdate --format %(refname) %(objectname) %(*objectname) [11ms]
2025-01-27 18:44:13.059 [info] > git status -z -uall [134ms]
2025-01-27 18:44:14.952 [info] > git check-ignore -v -z --stdin [10ms]
2025-01-27 18:44:27.235 [info] > git config --get commit.template [18ms]
2025-01-27 18:44:27.239 [info] > git for-each-ref --format=%(refname)%00%(upstream:short)%00%(objectname)%00%(upstream:track)%00%(upstream:remotename)%00%(upstream:remoteref) refs/heads/master refs/remotes/master [7ms]
2025-01-27 18:44:27.296 [info] > git for-each-ref --sort -committerdate --format %(refname) %(objectname) %(*objectname) [5ms]
2025-01-27 18:44:27.395 [info] > git status -z -uall [138ms]
2025-01-27 18:44:32.476 [info] > git config --get commit.template [21ms]
2025-01-27 18:44:32.480 [info] > git for-each-ref --format=%(refname)%00%(upstream:short)%00%(objectname)%00%(upstream:track)%00%(upstream:remotename)%00%(upstream:remoteref) refs/heads/master refs/remotes/master [6ms]
2025-01-27 18:44:32.554 [info] > git for-each-ref --sort -committerdate --format %(refname) %(objectname) %(*objectname) [8ms]
2025-01-27 18:44:32.661 [info] > git status -z -uall [166ms]
2025-01-27 18:44:32.897 [info] > git ls-files --stage -- /var/www/html/ospos/application/views/sales/receipt.php [21ms]
2025-01-27 18:44:32.933 [info] > git show --textconv :application/views/sales/receipt.php [86ms]
2025-01-27 18:44:32.944 [info] > git cat-file -s 2107d4f6e6cae5e8cf0df7cbb9e29c7b8bb5d9f7 [13ms]
2025-01-27 18:44:37.728 [info] > git config --get commit.template [18ms]
2025-01-27 18:44:37.732 [info] > git for-each-ref --format=%(refname)%00%(upstream:short)%00%(objectname)%00%(upstream:track)%00%(upstream:remotename)%00%(upstream:remoteref) refs/heads/master refs/remotes/master [7ms]
2025-01-27 18:44:37.782 [info] > git for-each-ref --sort -committerdate --format %(refname) %(objectname) %(*objectname) [2ms]
2025-01-27 18:44:37.892 [info] > git status -z -uall [144ms]
2025-01-27 18:44:46.305 [info] > git blame --root --incremental ed15ce5838323656ef5c837a1d5255a4fbb4053e -- /var/www/html/ospos/application/views/sales/receipt.php [6ms]
2025-01-27 18:52:29.306 [info] > git config --get commit.template [48ms]
2025-01-27 18:52:29.330 [info] > git for-each-ref --format=%(refname)%00%(upstream:short)%00%(objectname)%00%(upstream:track)%00%(upstream:remotename)%00%(upstream:remoteref) refs/heads/master refs/remotes/master [33ms]
2025-01-27 18:52:29.414 [info] > git for-each-ref --sort -committerdate --format %(refname) %(objectname) %(*objectname) [7ms]
2025-01-27 18:52:29.710 [info] > git status -z -uall [343ms]
2025-01-27 18:52:34.759 [info] > git config --get commit.template [19ms]
2025-01-27 18:52:34.764 [info] > git for-each-ref --format=%(refname)%00%(upstream:short)%00%(objectname)%00%(upstream:track)%00%(upstream:remotename)%00%(upstream:remoteref) refs/heads/master refs/remotes/master [7ms]
2025-01-27 18:52:34.837 [info] > git for-each-ref --sort -committerdate --format %(refname) %(objectname) %(*objectname) [6ms]
2025-01-27 18:52:34.971 [info] > git status -z -uall [188ms]
2025-01-27 18:56:38.533 [info] > git config --get commit.template [39ms]
2025-01-27 18:56:38.545 [info] > git for-each-ref --format=%(refname)%00%(upstream:short)%00%(objectname)%00%(upstream:track)%00%(upstream:remotename)%00%(upstream:remoteref) refs/heads/master refs/remotes/master [16ms]
2025-01-27 18:56:38.706 [info] > git for-each-ref --sort -committerdate --format %(refname) %(objectname) %(*objectname) [31ms]
2025-01-27 18:56:38.934 [info] > git status -z -uall [354ms]
2025-01-27 18:56:44.013 [info] > git config --get commit.template [8ms]
2025-01-27 18:56:44.041 [info] > git for-each-ref --format=%(refname)%00%(upstream:short)%00%(objectname)%00%(upstream:track)%00%(upstream:remotename)%00%(upstream:remoteref) refs/heads/master refs/remotes/master [7ms]
2025-01-27 18:56:44.093 [info] > git for-each-ref --sort -committerdate --format %(refname) %(objectname) %(*objectname) [7ms]
2025-01-27 18:56:44.211 [info] > git status -z -uall [149ms]
2025-01-27 18:56:49.295 [info] > git config --get commit.template [37ms]
2025-01-27 18:56:49.298 [info] > git for-each-ref --format=%(refname)%00%(upstream:short)%00%(objectname)%00%(upstream:track)%00%(upstream:remotename)%00%(upstream:remoteref) refs/heads/master refs/remotes/master [10ms]
2025-01-27 18:56:49.365 [info] > git for-each-ref --sort -committerdate --format %(refname) %(objectname) %(*objectname) [5ms]
2025-01-27 18:56:49.471 [info] > git status -z -uall [155ms]
2025-01-27 19:01:59.805 [info] > git config --get commit.template [13ms]
2025-01-27 19:01:59.853 [info] > git for-each-ref --format=%(refname)%00%(upstream:short)%00%(objectname)%00%(upstream:track)%00%(upstream:remotename)%00%(upstream:remoteref) refs/heads/master refs/remotes/master [12ms]
2025-01-27 19:02:00.009 [info] > git for-each-ref --sort -committerdate --format %(refname) %(objectname) %(*objectname) [20ms]
2025-01-27 19:02:00.202 [info] > git status -z -uall [314ms]
2025-01-27 19:02:08.428 [info] > git config --get commit.template [1ms]
2025-01-27 19:02:08.459 [info] > git for-each-ref --format=%(refname)%00%(upstream:short)%00%(objectname)%00%(upstream:track)%00%(upstream:remotename)%00%(upstream:remoteref) refs/heads/master refs/remotes/master [9ms]
2025-01-27 19:02:08.572 [info] > git for-each-ref --sort -committerdate --format %(refname) %(objectname) %(*objectname) [14ms]
2025-01-27 19:02:08.821 [info] > git status -z -uall [337ms]
2025-01-27 19:02:27.313 [info] > git config --get commit.template [15ms]
2025-01-27 19:02:27.316 [info] > git for-each-ref --format=%(refname)%00%(upstream:short)%00%(objectname)%00%(upstream:track)%00%(upstream:remotename)%00%(upstream:remoteref) refs/heads/master refs/remotes/master [5ms]
2025-01-27 19:02:27.374 [info] > git for-each-ref --sort -committerdate --format %(refname) %(objectname) %(*objectname) [7ms]
2025-01-27 19:02:27.466 [info] > git status -z -uall [135ms]
2025-01-27 19:02:46.527 [info] > git config --get commit.template [18ms]
2025-01-27 19:02:46.531 [info] > git for-each-ref --format=%(refname)%00%(upstream:short)%00%(objectname)%00%(upstream:track)%00%(upstream:remotename)%00%(upstream:remoteref) refs/heads/master refs/remotes/master [6ms]
2025-01-27 19:02:46.584 [info] > git for-each-ref --sort -committerdate --format %(refname) %(objectname) %(*objectname) [8ms]
2025-01-27 19:02:46.679 [info] > git status -z -uall [133ms]
2025-01-27 19:02:51.737 [info] > git config --get commit.template [8ms]
2025-01-27 19:02:51.773 [info] > git for-each-ref --format=%(refname)%00%(upstream:short)%00%(objectname)%00%(upstream:track)%00%(upstream:remotename)%00%(upstream:remoteref) refs/heads/master refs/remotes/master [8ms]
2025-01-27 19:02:51.826 [info] > git for-each-ref --sort -committerdate --format %(refname) %(objectname) %(*objectname) [4ms]
2025-01-27 19:02:51.981 [info] > git status -z -uall [188ms]
2025-01-27 19:02:57.052 [info] > git config --get commit.template [18ms]
2025-01-27 19:02:57.056 [info] > git for-each-ref --format=%(refname)%00%(upstream:short)%00%(objectname)%00%(upstream:track)%00%(upstream:remotename)%00%(upstream:remoteref) refs/heads/master refs/remotes/master [7ms]
2025-01-27 19:02:57.121 [info] > git for-each-ref --sort -committerdate --format %(refname) %(objectname) %(*objectname) [8ms]
2025-01-27 19:02:57.279 [info] > git status -z -uall [205ms]
2025-01-27 19:04:10.875 [info] > git config --get commit.template [15ms]
2025-01-27 19:04:11.026 [info] > git for-each-ref --format=%(refname)%00%(upstream:short)%00%(objectname)%00%(upstream:track)%00%(upstream:remotename)%00%(upstream:remoteref) refs/heads/master refs/remotes/master [36ms]
2025-01-27 19:04:11.151 [info] > git for-each-ref --sort -committerdate --format %(refname) %(objectname) %(*objectname) [19ms]
2025-01-27 19:04:11.258 [info] > git status -z -uall [212ms]
2025-01-27 19:04:16.302 [info] > git config --get commit.template [18ms]
2025-01-27 19:04:16.307 [info] > git for-each-ref --format=%(refname)%00%(upstream:short)%00%(objectname)%00%(upstream:track)%00%(upstream:remotename)%00%(upstream:remoteref) refs/heads/master refs/remotes/master [8ms]
2025-01-27 19:04:16.368 [info] > git for-each-ref --sort -committerdate --format %(refname) %(objectname) %(*objectname) [6ms]
2025-01-27 19:04:16.471 [info] > git status -z -uall [144ms]
2025-01-27 19:04:21.514 [info] > git config --get commit.template [18ms]
2025-01-27 19:04:21.519 [info] > git for-each-ref --format=%(refname)%00%(upstream:short)%00%(objectname)%00%(upstream:track)%00%(upstream:remotename)%00%(upstream:remoteref) refs/heads/master refs/remotes/master [6ms]
2025-01-27 19:04:21.574 [info] > git for-each-ref --sort -committerdate --format %(refname) %(objectname) %(*objectname) [6ms]
2025-01-27 19:04:21.668 [info] > git status -z -uall [135ms]
2025-01-27 19:05:26.948 [info] > git config --get commit.template [13ms]
2025-01-27 19:05:26.978 [info] > git for-each-ref --format=%(refname)%00%(upstream:short)%00%(objectname)%00%(upstream:track)%00%(upstream:remotename)%00%(upstream:remoteref) refs/heads/master refs/remotes/master [7ms]
2025-01-27 19:05:27.092 [info] > git for-each-ref --sort -committerdate --format %(refname) %(objectname) %(*objectname) [30ms]
2025-01-27 19:05:27.299 [info] > git status -z -uall [286ms]
2025-01-27 19:05:43.584 [info] > git config --get commit.template [20ms]
2025-01-27 19:05:43.590 [info] > git for-each-ref --format=%(refname)%00%(upstream:short)%00%(objectname)%00%(upstream:track)%00%(upstream:remotename)%00%(upstream:remoteref) refs/heads/master refs/remotes/master [7ms]
2025-01-27 19:05:43.672 [info] > git for-each-ref --sort -committerdate --format %(refname) %(objectname) %(*objectname) [9ms]
2025-01-27 19:05:43.942 [info] > git status -z -uall [327ms]
2025-01-27 19:05:49.022 [info] > git config --get commit.template [22ms]
2025-01-27 19:05:49.028 [info] > git for-each-ref --format=%(refname)%00%(upstream:short)%00%(objectname)%00%(upstream:track)%00%(upstream:remotename)%00%(upstream:remoteref) refs/heads/master refs/remotes/master [9ms]
2025-01-27 19:05:49.087 [info] > git for-each-ref --sort -committerdate --format %(refname) %(objectname) %(*objectname) [7ms]
2025-01-27 19:05:49.211 [info] > git status -z -uall [166ms]
2025-01-27 19:09:09.849 [info] > git config --get commit.template [17ms]
2025-01-27 19:09:09.899 [info] > git for-each-ref --format=%(refname)%00%(upstream:short)%00%(objectname)%00%(upstream:track)%00%(upstream:remotename)%00%(upstream:remoteref) refs/heads/master refs/remotes/master [7ms]
2025-01-27 19:09:09.988 [info] > git for-each-ref --sort -committerdate --format %(refname) %(objectname) %(*objectname) [19ms]
2025-01-27 19:09:10.340 [info] > git status -z -uall [407ms]
2025-01-27 19:09:15.418 [info] > git config --get commit.template [18ms]
2025-01-27 19:09:15.422 [info] > git for-each-ref --format=%(refname)%00%(upstream:short)%00%(objectname)%00%(upstream:track)%00%(upstream:remotename)%00%(upstream:remoteref) refs/heads/master refs/remotes/master [6ms]
2025-01-27 19:09:15.472 [info] > git for-each-ref --sort -committerdate --format %(refname) %(objectname) %(*objectname) [6ms]
2025-01-27 19:09:15.576 [info] > git status -z -uall [139ms]
2025-01-27 19:13:09.365 [info] > git config --get commit.template [49ms]
2025-01-27 19:13:09.379 [info] > git for-each-ref --format=%(refname)%00%(upstream:short)%00%(objectname)%00%(upstream:track)%00%(upstream:remotename)%00%(upstream:remoteref) refs/heads/master refs/remotes/master [22ms]
2025-01-27 19:13:09.491 [info] > git for-each-ref --sort -committerdate --format %(refname) %(objectname) %(*objectname) [8ms]
2025-01-27 19:13:09.748 [info] > git status -z -uall [330ms]
2025-01-27 19:16:19.785 [info] > git config --get commit.template [20ms]
2025-01-27 19:16:19.841 [info] > git for-each-ref --format=%(refname)%00%(upstream:short)%00%(objectname)%00%(upstream:track)%00%(upstream:remotename)%00%(upstream:remoteref) refs/heads/master refs/remotes/master [58ms]
2025-01-27 19:16:19.995 [info] > git for-each-ref --sort -committerdate --format %(refname) %(objectname) %(*objectname) [23ms]
2025-01-27 19:16:20.230 [info] > git status -z -uall [326ms]
2025-01-27 19:16:25.303 [info] > git config --get commit.template [5ms]
2025-01-27 19:16:25.327 [info] > git for-each-ref --format=%(refname)%00%(upstream:short)%00%(objectname)%00%(upstream:track)%00%(upstream:remotename)%00%(upstream:remoteref) refs/heads/master refs/remotes/master [6ms]
2025-01-27 19:16:25.397 [info] > git for-each-ref --sort -committerdate --format %(refname) %(objectname) %(*objectname) [15ms]
2025-01-27 19:16:25.546 [info] > git status -z -uall [199ms]
