2025-01-26 14:09:20.983 [info] Reading sessions from keychain...
2025-01-26 14:09:20.983 [info] Getting sessions for all scopes...
2025-01-26 14:09:20.983 [info] Getting sessions for all scopes...
2025-01-26 14:09:20.983 [info] Getting sessions for all scopes...
2025-01-26 14:09:20.984 [info] Got 0 sessions for ...
2025-01-26 14:09:20.984 [info] Got 0 sessions for ...
2025-01-26 14:09:20.984 [info] Got 0 sessions for ...
2025-01-26 14:09:20.984 [info] Getting sessions for all scopes...
2025-01-26 14:09:20.984 [info] Got 0 sessions for ...
2025-01-26 14:09:20.984 [info] Getting sessions for all scopes...
2025-01-26 14:09:20.984 [info] Got 0 sessions for ...
2025-01-26 14:09:20.984 [info] Getting sessions for all scopes...
2025-01-26 14:09:20.984 [info] Got 0 sessions for ...
2025-01-26 14:09:20.984 [info] Getting sessions for all scopes...
2025-01-26 14:09:20.984 [info] Got 0 sessions for ...
2025-01-26 14:09:20.984 [info] Getting sessions for all scopes...
2025-01-26 14:09:20.984 [info] Got 0 sessions for ...
2025-01-26 14:09:25.574 [info] Getting sessions for all scopes...
2025-01-26 14:09:25.574 [info] Got 0 sessions for ...
2025-01-26 15:25:40.262 [info] Getting sessions for read:user,repo,user:email,workflow...
2025-01-26 15:25:40.280 [info] Got 0 sessions for read:user,repo,user:email,workflow...
2025-01-26 15:37:18.288 [info] Getting sessions for read:user,repo,user:email,workflow...
2025-01-26 15:37:18.289 [info] Got 0 sessions for read:user,repo,user:email,workflow...
2025-01-26 15:37:29.668 [info] Logging in with 'any' account...
2025-01-26 15:37:29.668 [info] Logging in for the following scopes: read:user repo user:email workflow
2025-01-26 15:37:30.013 [info] Trying without local server... (read:user repo user:email workflow)
2025-01-26 15:38:17.932 [error] User Cancelled
