2025-01-27 17:23:58.167 [info] Reading sessions from keychain...
2025-01-27 17:23:58.167 [info] Getting sessions for all scopes...
2025-01-27 17:23:58.167 [info] Getting sessions for all scopes...
2025-01-27 17:23:58.167 [info] Getting sessions for all scopes...
2025-01-27 17:23:58.167 [info] Getting sessions for all scopes...
2025-01-27 17:23:58.167 [info] Getting sessions for all scopes...
2025-01-27 17:23:58.167 [info] Getting sessions for all scopes...
2025-01-27 17:23:58.167 [info] Getting sessions for all scopes...
2025-01-27 17:23:58.167 [info] Got 0 sessions for ...
2025-01-27 17:23:58.167 [info] Got 0 sessions for ...
2025-01-27 17:23:58.167 [info] Got 0 sessions for ...
2025-01-27 17:23:58.167 [info] Got 0 sessions for ...
2025-01-27 17:23:58.167 [info] Got 0 sessions for ...
2025-01-27 17:23:58.167 [info] Got 0 sessions for ...
2025-01-27 17:23:58.167 [info] Got 0 sessions for ...
2025-01-27 17:23:59.951 [info] Getting sessions for all scopes...
2025-01-27 17:23:59.951 [info] Got 0 sessions for ...
2025-01-27 17:24:01.675 [info] Getting sessions for all scopes...
2025-01-27 17:24:01.676 [info] Got 0 sessions for ...
2025-01-27 17:24:04.194 [info] Getting sessions for read:user,repo,user:email,workflow...
2025-01-27 17:24:04.194 [info] Got 0 sessions for read:user,repo,user:email,workflow...
