2025-01-26 14:09:16.558 [info] Added views:outline in workbench.view.explorer
2025-01-26 14:09:16.558 [info] Added views:workbench.view.search in workbench.view.search
2025-01-26 14:09:16.558 [info] Added views:workbench.scm in workbench.view.scm
2025-01-26 14:09:16.558 [info] Added views:workbench.panel.markers.view in workbench.panel.markers
2025-01-26 14:09:16.558 [info] Added views:workbench.panel.output in workbench.panel.output
2025-01-26 14:09:16.558 [info] Added views:terminal in terminal
2025-01-26 14:09:16.558 [info] Added views:timeline in workbench.view.explorer
2025-01-26 14:09:16.558 [info] Added views:workbench.explorer.fileView in workbench.view.explorer
2025-01-26 14:09:19.937 [info] Added views:workbench.debug.variablesView,workbench.debug.watchExpressionsView,workbench.debug.callStackView,workbench.debug.breakPointsView in workbench.view.debug
2025-01-26 14:09:20.369 [info] Added views:workbench.panel.repl.view in workbench.panel.repl
2025-01-26 14:09:20.370 [info] Removed views:workbench.debug.breakPointsView,workbench.debug.callStackView,workbench.debug.watchExpressionsView,workbench.debug.variablesView from workbench.view.debug
2025-01-26 14:09:20.371 [info] Added views:workbench.debug.welcome in workbench.view.debug
2025-01-26 14:09:20.846 [info] Added views:~remote.forwardedPorts in ~remote.forwardedPortsContainer
2025-01-26 14:10:13.587 [info] Added views:workbench.views.extensions.installed,workbench.views.extensions.popular,extensions.recommendedList in workbench.view.extensions
2025-01-26 14:10:13.604 [info] Removed views:workbench.views.extensions.popular from workbench.view.extensions
2025-01-26 14:10:14.801 [info] Added views:workbench.views.extensions.popular in workbench.view.extensions
2025-01-26 14:10:15.023 [info] Removed views:extensions.recommendedList,workbench.views.extensions.popular,workbench.views.extensions.installed from workbench.view.extensions
2025-01-26 14:10:15.059 [info] Added views:workbench.views.extensions.marketplace in workbench.view.extensions
2025-01-26 15:25:39.481 [info] Added views:workbench.scm.history in workbench.view.scm
2025-01-26 15:30:32.270 [info] Removed views:workbench.scm.history from workbench.view.scm
2025-01-26 15:31:01.985 [info] Added views:workbench.scm.history in workbench.view.scm
